<?xml version="1.0" encoding="UTF-8"?>
<!-- Generated by org.testng.reporters.JUnitXMLReporter -->
<testsuite ignored="6" hostname="uday18mega" failures="0" tests="1" name="Default test" time="21.007" errors="0" timestamp="2025-05-04T09:11:51 IST">
  <testcase classname="heroKuApp.CheckBoxHeroku" name="DisappearElement" time="20.898"/>
  <testcase classname="heroKuApp.CheckBoxHeroku" name="BasicAuth" time="0.0">
    <ignored/>
  </testcase> <!-- BasicAuth -->
  <testcase classname="heroKuApp.CheckBoxHeroku" name="CheckUncheckBox" time="0.0">
    <ignored/>
  </testcase> <!-- CheckUncheckBox -->
  <testcase classname="heroKuApp.CheckBoxHeroku" name="FormAuthenticate" time="0.0">
    <ignored/>
  </testcase> <!-- FormAuthenticate -->
  <testcase classname="heroKuApp.CheckBoxHeroku" name="ePageScroll" time="0.0">
    <ignored/>
  </testcase> <!-- ePageScroll -->
  <testcase classname="heroKuApp.CheckBoxHeroku" name="AddRemoveElement" time="0.0">
    <ignored/>
  </testcase> <!-- AddRemoveElement -->
  <testcase classname="heroKuApp.CheckBoxHeroku" name="Inputs" time="0.0">
    <ignored/>
  </testcase> <!-- Inputs -->
</testsuite> <!-- Default test -->
