<?xml version="1.0" encoding="UTF-8"?>
<testng-results ignored="0" total="1" passed="1" failed="0" skipped="0">
  <reporter-output>
  </reporter-output>
  <suite started-at="2025-05-04T09:11:30 IST" name="Default suite" finished-at="2025-05-04T09:11:51 IST" duration-ms="21007">
    <groups>
    </groups>
    <test started-at="2025-05-04T09:11:30 IST" name="Default test" finished-at="2025-05-04T09:11:51 IST" duration-ms="21007">
      <class name="heroKuApp.CheckBoxHeroku">
        <test-method signature="DisappearElement()[pri:4, instance:heroKuApp.CheckBoxHeroku@ba2f4ec]" started-at="2025-05-04T09:11:30 IST" name="DisappearElement" finished-at="2025-05-04T09:11:51 IST" duration-ms="20898" status="PASS">
          <reporter-output>
          </reporter-output>
        </test-method> <!-- DisappearElement -->
      </class> <!-- heroKuApp.CheckBoxHeroku -->
    </test> <!-- Default test -->
  </suite> <!-- Default suite -->
</testng-results>
